This is pdfTeX, Version 3.14159265-2.6-1.40.21 (MiKTeX 2.9.7380 64-bit) (preloaded format=pdflatex 2022.12.21)  12 DEC 2023 14:30
entering extended mode
**./AutoDRIVE.tex
(AutoDRIVE.tex
LaTeX2e <2020-02-02> patch level 5
L3 programming layer <2020-03-06> (ieeeconf.cls
Document Class: ieeeconf 2016/4/23 revision V1.6b by Pradeep Misra
\@IEEEtrantmpdimenA=\dimen134
\@IEEEtrantmpdimenB=\dimen135
\@IEEEtrantmpcountA=\count167
\@IEEEtrantmpcountB=\count168
\@IEEEtrantmptoksA=\toks15
LaTeX Font Info:    Trying to load font information for OT1+ptm on input line 7
94.
("C:\Program Files\MiKTeX 2.9\tex/latex/psnfss\ot1ptm.fd"
File: ot1ptm.fd 2001/06/04 font definitions for OT1/ptm.
)
\@IEEEnormalsizefontbaselineskip=\skip47

-- This is a 10 point document.
\normalsizebaselineskip=\skip48
\normaljot=\skip49
LaTeX Font Info:    Font shape `OT1/ptm/bx/n' in size <5> not available
(Font)              Font shape `OT1/ptm/b/n' tried instead on input line 1113.
LaTeX Font Info:    Font shape `OT1/ptm/bx/it' in size <5> not available
(Font)              Font shape `OT1/ptm/b/it' tried instead on input line 1113.

LaTeX Font Info:    Font shape `OT1/ptm/bx/n' in size <7> not available
(Font)              Font shape `OT1/ptm/b/n' tried instead on input line 1113.
LaTeX Font Info:    Font shape `OT1/ptm/bx/it' in size <7> not available
(Font)              Font shape `OT1/ptm/b/it' tried instead on input line 1113.

LaTeX Font Info:    Font shape `OT1/ptm/bx/n' in size <8> not available
(Font)              Font shape `OT1/ptm/b/n' tried instead on input line 1113.
LaTeX Font Info:    Font shape `OT1/ptm/bx/it' in size <8> not available
(Font)              Font shape `OT1/ptm/b/it' tried instead on input line 1113.

LaTeX Font Info:    Font shape `OT1/ptm/bx/n' in size <9> not available
(Font)              Font shape `OT1/ptm/b/n' tried instead on input line 1113.
LaTeX Font Info:    Font shape `OT1/ptm/bx/it' in size <9> not available
(Font)              Font shape `OT1/ptm/b/it' tried instead on input line 1113.

LaTeX Font Info:    Font shape `OT1/ptm/bx/n' in size <10> not available
(Font)              Font shape `OT1/ptm/b/n' tried instead on input line 1113.
LaTeX Font Info:    Font shape `OT1/ptm/bx/it' in size <10> not available
(Font)              Font shape `OT1/ptm/b/it' tried instead on input line 1113.

LaTeX Font Info:    Font shape `OT1/ptm/bx/n' in size <11> not available
(Font)              Font shape `OT1/ptm/b/n' tried instead on input line 1113.
LaTeX Font Info:    Font shape `OT1/ptm/bx/it' in size <11> not available
(Font)              Font shape `OT1/ptm/b/it' tried instead on input line 1113.

LaTeX Font Info:    Font shape `OT1/ptm/bx/n' in size <12> not available
(Font)              Font shape `OT1/ptm/b/n' tried instead on input line 1113.
LaTeX Font Info:    Font shape `OT1/ptm/bx/it' in size <12> not available
(Font)              Font shape `OT1/ptm/b/it' tried instead on input line 1113.

LaTeX Font Info:    Font shape `OT1/ptm/bx/n' in size <16> not available
(Font)              Font shape `OT1/ptm/b/n' tried instead on input line 1113.
LaTeX Font Info:    Font shape `OT1/ptm/bx/it' in size <16> not available
(Font)              Font shape `OT1/ptm/b/it' tried instead on input line 1113.

LaTeX Font Info:    Font shape `OT1/ptm/bx/n' in size <20> not available
(Font)              Font shape `OT1/ptm/b/n' tried instead on input line 1113.
LaTeX Font Info:    Font shape `OT1/ptm/bx/it' in size <20> not available
(Font)              Font shape `OT1/ptm/b/it' tried instead on input line 1113.

LaTeX Font Info:    Font shape `OT1/ptm/bx/n' in size <24> not available
(Font)              Font shape `OT1/ptm/b/n' tried instead on input line 1113.
LaTeX Font Info:    Font shape `OT1/ptm/bx/it' in size <24> not available
(Font)              Font shape `OT1/ptm/b/it' tried instead on input line 1113.

\IEEEilabelindentA=\dimen136
\IEEEilabelindentB=\dimen137
\IEEEilabelindent=\dimen138
\IEEEelabelindent=\dimen139
\IEEEdlabelindent=\dimen140
\labelindent=\dimen141
\IEEEiednormlabelsep=\dimen142
\IEEEiedmathlabelsep=\dimen143
\IEEEiedtopsep=\skip50
\c@section=\count169
\c@subsection=\count170
\c@subsubsection=\count171
\c@paragraph=\count172
\c@IEEEsubequation=\count173
\abovecaptionskip=\skip51
\belowcaptionskip=\skip52
\c@figure=\count174
\c@table=\count175
\@IEEEeqnnumcols=\count176
\@IEEEeqncolcnt=\count177
\@IEEEtmpitemindent=\dimen144
\c@biography=\count178
\@IEEEtranrubishbin=\box45
)
** ATTENTION: Overriding command lockouts (line 9).
** ATTENTION: Overriding IEEE standard margins (line 12).
("C:\Program Files\MiKTeX 2.9\tex/latex/cite\cite.sty"
LaTeX Info: Redefining \cite on input line 302.
LaTeX Info: Redefining \nocite on input line 332.
Package: cite 2015/02/27  v 5.5
)
("C:\Program Files\MiKTeX 2.9\tex/latex/amsmath\amsmath.sty"
Package: amsmath 2020/01/20 v2.17e AMS math features
\@mathmargin=\skip53

For additional information on amsmath, use the `?' option.
("C:\Program Files\MiKTeX 2.9\tex/latex/amsmath\amstext.sty"
Package: amstext 2000/06/29 v2.01 AMS text

("C:\Program Files\MiKTeX 2.9\tex/latex/amsmath\amsgen.sty"
File: amsgen.sty 1999/11/30 v2.0 generic functions
\@emptytoks=\toks16
\ex@=\dimen145
))
("C:\Program Files\MiKTeX 2.9\tex/latex/amsmath\amsbsy.sty"
Package: amsbsy 1999/11/29 v1.2d Bold Symbols
\pmbraise@=\dimen146
)
("C:\Program Files\MiKTeX 2.9\tex/latex/amsmath\amsopn.sty"
Package: amsopn 2016/03/08 v2.02 operator names
)
\inf@bad=\count179
LaTeX Info: Redefining \frac on input line 227.
\uproot@=\count180
\leftroot@=\count181
LaTeX Info: Redefining \overline on input line 389.
\classnum@=\count182
\DOTSCASE@=\count183
LaTeX Info: Redefining \ldots on input line 486.
LaTeX Info: Redefining \dots on input line 489.
LaTeX Info: Redefining \cdots on input line 610.
\Mathstrutbox@=\box46
\strutbox@=\box47
\big@size=\dimen147
LaTeX Font Info:    Redeclaring font encoding OML on input line 733.
LaTeX Font Info:    Redeclaring font encoding OMS on input line 734.
\macc@depth=\count184
\c@MaxMatrixCols=\count185
\dotsspace@=\muskip16
\c@parentequation=\count186
\dspbrk@lvl=\count187
\tag@help=\toks17
\row@=\count188
\column@=\count189
\maxfields@=\count190
\andhelp@=\toks18
\eqnshift@=\dimen148
\alignsep@=\dimen149
\tagshift@=\dimen150
\tagwidth@=\dimen151
\totwidth@=\dimen152
\lineht@=\dimen153
\@envbody=\toks19
\multlinegap=\skip54
\multlinetaggap=\skip55
\mathdisplay@stack=\toks20
LaTeX Info: Redefining \[ on input line 2859.
LaTeX Info: Redefining \] on input line 2860.
)
("C:\Program Files\MiKTeX 2.9\tex/latex/amsfonts\amssymb.sty"
Package: amssymb 2013/01/14 v3.01 AMS font symbols

("C:\Program Files\MiKTeX 2.9\tex/latex/amsfonts\amsfonts.sty"
Package: amsfonts 2013/01/14 v3.01 Basic AMSFonts support
\symAMSa=\mathgroup4
\symAMSb=\mathgroup5
LaTeX Font Info:    Redeclaring math symbol \hbar on input line 98.
LaTeX Font Info:    Overwriting math alphabet `\mathfrak' in version `bold'
(Font)                  U/euf/m/n --> U/euf/b/n on input line 106.
))
("C:\Program Files\MiKTeX 2.9\tex/latex/algorithms\algorithmic.sty"
Package: algorithmic 2009/08/24 v0.1 Document Style `algorithmic'

("C:\Program Files\MiKTeX 2.9\tex/latex/base\ifthen.sty"
Package: ifthen 2014/09/29 v1.1c Standard LaTeX ifthen package (DPC)
)
("C:\Program Files\MiKTeX 2.9\tex/latex/graphics\keyval.sty"
Package: keyval 2014/10/28 v1.15 key=value parser (DPC)
\KV@toks@=\toks21
)
\c@ALC@unique=\count191
\c@ALC@line=\count192
\c@ALC@rem=\count193
\c@ALC@depth=\count194
\ALC@tlm=\skip56
\algorithmicindent=\skip57
)
("C:\Program Files\MiKTeX 2.9\tex/latex/graphics\graphicx.sty"
Package: graphicx 2019/11/30 v1.2a Enhanced LaTeX Graphics (DPC,SPQR)

("C:\Program Files\MiKTeX 2.9\tex/latex/graphics\graphics.sty"
Package: graphics 2019/11/30 v1.4a Standard LaTeX Graphics (DPC,SPQR)

("C:\Program Files\MiKTeX 2.9\tex/latex/graphics\trig.sty"
Package: trig 2016/01/03 v1.10 sin cos tan (DPC)
)
("C:\Program Files\MiKTeX 2.9\tex/latex/graphics-cfg\graphics.cfg"
File: graphics.cfg 2016/06/04 v1.11 sample graphics configuration
)
Package graphics Info: Driver file: pdftex.def on input line 105.

("C:\Program Files\MiKTeX 2.9\tex/latex/graphics-def\pdftex.def"
File: pdftex.def 2018/01/08 v1.0l Graphics/color driver for pdftex
))
\Gin@req@height=\dimen154
\Gin@req@width=\dimen155
)
("C:\Program Files\MiKTeX 2.9\tex/latex/psnfss\pifont.sty"
Package: pifont 2005/04/12 PSNFSS-v9.2a Pi font support (SPQR) 
LaTeX Font Info:    Trying to load font information for U+pzd on input line 63.


("C:\Program Files\MiKTeX 2.9\tex/latex/psnfss\upzd.fd"
File: upzd.fd 2001/06/04 font definitions for U/pzd.
)
LaTeX Font Info:    Trying to load font information for U+psy on input line 64.


("C:\Program Files\MiKTeX 2.9\tex/latex/psnfss\upsy.fd"
File: upsy.fd 2001/06/04 font definitions for U/psy.
))
("C:\Program Files\MiKTeX 2.9\tex/latex/base\textcomp.sty"
Package: textcomp 2020/02/02 v2.0n Standard LaTeX package
)
("C:\Program Files\MiKTeX 2.9\tex/latex/hyperref\hyperref.sty"
Package: hyperref 2020/01/14 v7.00d Hypertext links for LaTeX

("C:\Program Files\MiKTeX 2.9\tex/generic/ltxcmds\ltxcmds.sty"
Package: ltxcmds 2019/12/15 v1.24 LaTeX kernel commands for general use (HO)
)
("C:\Program Files\MiKTeX 2.9\tex/generic/iftex\iftex.sty"
Package: iftex 2020/03/06 v1.0d TeX engine tests
)
("C:\Program Files\MiKTeX 2.9\tex/latex/pdftexcmds\pdftexcmds.sty"
Package: pdftexcmds 2019/11/24 v0.31 Utility functions of pdfTeX for LuaTeX (HO
)

("C:\Program Files\MiKTeX 2.9\tex/generic/infwarerr\infwarerr.sty"
Package: infwarerr 2019/12/03 v1.5 Providing info/warning/error messages (HO)
)
Package pdftexcmds Info: \pdf@primitive is available.
Package pdftexcmds Info: \pdf@ifprimitive is available.
Package pdftexcmds Info: \pdfdraftmode found.
)
("C:\Program Files\MiKTeX 2.9\tex/generic/kvsetkeys\kvsetkeys.sty"
Package: kvsetkeys 2019/12/15 v1.18 Key value parser (HO)
)
("C:\Program Files\MiKTeX 2.9\tex/generic/kvdefinekeys\kvdefinekeys.sty"
Package: kvdefinekeys 2019-12-19 v1.6 Define keys (HO)
)
("C:\Program Files\MiKTeX 2.9\tex/generic/pdfescape\pdfescape.sty"
Package: pdfescape 2019/12/09 v1.15 Implements pdfTeX's escape features (HO)
)
("C:\Program Files\MiKTeX 2.9\tex/latex/hycolor\hycolor.sty"
Package: hycolor 2020-01-27 v1.10 Color options for hyperref/bookmark (HO)
)
("C:\Program Files\MiKTeX 2.9\tex/latex/letltxmacro\letltxmacro.sty"
Package: letltxmacro 2019/12/03 v1.6 Let assignment for LaTeX macros (HO)
)
("C:\Program Files\MiKTeX 2.9\tex/latex/auxhook\auxhook.sty"
Package: auxhook 2019-12-17 v1.6 Hooks for auxiliary files (HO)
)
("C:\Program Files\MiKTeX 2.9\tex/latex/kvoptions\kvoptions.sty"
Package: kvoptions 2019/11/29 v3.13 Key value format for package options (HO)
)
\@linkdim=\dimen156
\Hy@linkcounter=\count195
\Hy@pagecounter=\count196

("C:\Program Files\MiKTeX 2.9\tex/latex/hyperref\pd1enc.def"
File: pd1enc.def 2020/01/14 v7.00d Hyperref: PDFDocEncoding definition (HO)
Now handling font encoding PD1 ...
... no UTF-8 mapping file for font encoding PD1
)
("C:\Program Files\MiKTeX 2.9\tex/generic/intcalc\intcalc.sty"
Package: intcalc 2019/12/15 v1.3 Expandable calculations with integers (HO)
)
("C:\Program Files\MiKTeX 2.9\tex/generic/etexcmds\etexcmds.sty"
Package: etexcmds 2019/12/15 v1.7 Avoid name clashes with e-TeX commands (HO)
)
\Hy@SavedSpaceFactor=\count197
Package hyperref Info: Hyper figures OFF on input line 4547.
Package hyperref Info: Link nesting OFF on input line 4552.
Package hyperref Info: Hyper index ON on input line 4555.
Package hyperref Info: Plain pages OFF on input line 4562.
Package hyperref Info: Backreferencing OFF on input line 4567.
Package hyperref Info: Implicit mode ON; LaTeX internals redefined.
Package hyperref Info: Bookmarks ON on input line 4800.
\c@Hy@tempcnt=\count198

("C:\Program Files\MiKTeX 2.9\tex/latex/url\url.sty"
\Urlmuskip=\muskip17
Package: url 2013/09/16  ver 3.4  Verb mode for urls, etc.
)
LaTeX Info: Redefining \url on input line 5159.
\XeTeXLinkMargin=\dimen157

("C:\Program Files\MiKTeX 2.9\tex/generic/bitset\bitset.sty"
Package: bitset 2019/12/09 v1.3 Handle bit-vector datatype (HO)

("C:\Program Files\MiKTeX 2.9\tex/generic/bigintcalc\bigintcalc.sty"
Package: bigintcalc 2019/12/15 v1.5 Expandable calculations on big integers (HO
)
))
\Fld@menulength=\count199
\Field@Width=\dimen158
\Fld@charsize=\dimen159
Package hyperref Info: Hyper figures OFF on input line 6430.
Package hyperref Info: Link nesting OFF on input line 6435.
Package hyperref Info: Hyper index ON on input line 6438.
Package hyperref Info: backreferencing OFF on input line 6445.
Package hyperref Info: Link coloring OFF on input line 6450.
Package hyperref Info: Link coloring with OCG OFF on input line 6455.
Package hyperref Info: PDF/A mode OFF on input line 6460.
LaTeX Info: Redefining \ref on input line 6500.
LaTeX Info: Redefining \pageref on input line 6504.

("C:\Program Files\MiKTeX 2.9\tex/generic/atbegshi\atbegshi.sty"
Package: atbegshi 2019/12/05 v1.19 At begin shipout hook (HO)
)
\Hy@abspage=\count266
\c@Item=\count267
\c@Hfootnote=\count268
)
Package hyperref Info: Driver (autodetected): hpdftex.

("C:\Program Files\MiKTeX 2.9\tex/latex/hyperref\hpdftex.def"
File: hpdftex.def 2020/01/14 v7.00d Hyperref driver for pdfTeX

("C:\Program Files\MiKTeX 2.9\tex/latex/atveryend\atveryend.sty"
Package: atveryend 2019-12-11 v1.11 Hooks at the very end of document (HO)
Package atveryend Info: \enddocument detected (standard20110627).
)
\Fld@listcount=\count269
\c@bookmark@seq@number=\count270

("C:\Program Files\MiKTeX 2.9\tex/latex/rerunfilecheck\rerunfilecheck.sty"
Package: rerunfilecheck 2019/12/05 v1.9 Rerun checks for auxiliary files (HO)

("C:\Program Files\MiKTeX 2.9\tex/generic/uniquecounter\uniquecounter.sty"
Package: uniquecounter 2019/12/15 v1.4 Provide unlimited unique counter (HO)
)
Package uniquecounter Info: New unique counter `rerunfilecheck' on input line 2
86.
)
\Hy@SectionHShift=\skip58
)
("C:\Program Files\MiKTeX 2.9\tex/latex/multirow\multirow.sty"
Package: multirow 2021/03/15 v2.8 Span multiple rows of a table
\multirow@colwidth=\skip59
\multirow@cntb=\count271
\multirow@dima=\skip60
\bigstrutjot=\dimen160
)
("C:\Program Files\MiKTeX 2.9\tex/latex/preprint\balance.sty"
Package: balance 1999/02/23 4.3 (PWD)
\oldvsize=\dimen161
)
("C:\Program Files\MiKTeX 2.9\tex/latex/xcolor\xcolor.sty"
Package: xcolor 2016/05/11 v2.12 LaTeX color extensions (UK)

("C:\Program Files\MiKTeX 2.9\tex/latex/graphics-cfg\color.cfg"
File: color.cfg 2016/01/02 v1.6 sample color configuration
)
Package xcolor Info: Driver file: pdftex.def on input line 225.

("C:\Program Files\MiKTeX 2.9\tex/latex/colortbl\colortbl.sty"
Package: colortbl 2020/01/04 v1.0e Color table columns (DPC)

("C:\Program Files\MiKTeX 2.9\tex/latex/tools\array.sty"
Package: array 2019/08/31 v2.4l Tabular extension package (FMi)
\col@sep=\dimen162
\ar@mcellbox=\box48
\extrarowheight=\dimen163
\NC@list=\toks22
\extratabsurround=\skip61
\backup@length=\skip62
\ar@cellbox=\box49
)
\everycr=\toks23
\minrowclearance=\skip63
)
\rownum=\count272
Package xcolor Info: Model `cmy' substituted by `cmy0' on input line 1348.
Package xcolor Info: Model `hsb' substituted by `rgb' on input line 1352.
Package xcolor Info: Model `RGB' extended on input line 1364.
Package xcolor Info: Model `HTML' substituted by `rgb' on input line 1366.
Package xcolor Info: Model `Hsb' substituted by `hsb' on input line 1367.
Package xcolor Info: Model `tHsb' substituted by `hsb' on input line 1368.
Package xcolor Info: Model `HSB' substituted by `hsb' on input line 1369.
Package xcolor Info: Model `Gray' substituted by `gray' on input line 1370.
Package xcolor Info: Model `wave' substituted by `hsb' on input line 1371.
)
("C:\Program Files\MiKTeX 2.9\tex/latex/comment\comment.sty"
\CommentStream=\write3

Excluding comment 'comment')
("C:\Program Files\MiKTeX 2.9\tex/latex/base\latexsym.sty"
Package: latexsym 1998/08/17 v2.2e Standard LaTeX package (lasy symbols)
\symlasy=\mathgroup6
LaTeX Font Info:    Overwriting symbol font `lasy' in version `bold'
(Font)                  U/lasy/m/n --> U/lasy/b/n on input line 52.
)
("C:\Program Files\MiKTeX 2.9\tex/latex/mathtools\mathtools.sty"
Package: mathtools 2020/03/24 v1.24 mathematical typesetting tools

("C:\Program Files\MiKTeX 2.9\tex/latex/tools\calc.sty"
Package: calc 2017/05/25 v4.3 Infix arithmetic (KKT,FJ)
\calc@Acount=\count273
\calc@Bcount=\count274
\calc@Adimen=\dimen164
\calc@Bdimen=\dimen165
\calc@Askip=\skip64
\calc@Bskip=\skip65
LaTeX Info: Redefining \setlength on input line 80.
LaTeX Info: Redefining \addtolength on input line 81.
\calc@Ccount=\count275
\calc@Cskip=\skip66
)
("C:\Program Files\MiKTeX 2.9\tex/latex/mathtools\mhsetup.sty"
Package: mhsetup 2017/03/31 v1.3 programming setup (MH)
)
LaTeX Info: Thecontrolsequence`\('isalreadyrobust on input line 130.
LaTeX Info: Thecontrolsequence`\)'isalreadyrobust on input line 130.
LaTeX Info: Thecontrolsequence`\['isalreadyrobust on input line 130.
LaTeX Info: Thecontrolsequence`\]'isalreadyrobust on input line 130.
\g_MT_multlinerow_int=\count276
\l_MT_multwidth_dim=\dimen166
\origjot=\skip67
\l_MT_shortvdotswithinadjustabove_dim=\dimen167
\l_MT_shortvdotswithinadjustbelow_dim=\dimen168
\l_MT_above_intertext_sep=\dimen169
\l_MT_below_intertext_sep=\dimen170
\l_MT_above_shortintertext_sep=\dimen171
\l_MT_below_shortintertext_sep=\dimen172
\xmathstrut@box=\box50
\xmathstrut@dim=\dimen173
)
("C:\Program Files\MiKTeX 2.9\tex/latex/caption\caption.sty"
Package: caption 2020/01/03 v3.4h Customizing captions (AR)

("C:\Program Files\MiKTeX 2.9\tex/latex/caption\caption3.sty"
Package: caption3 2020/01/03 v1.8h caption3 kernel (AR)
Package caption3 Info: TeX engine: e-TeX on input line 61.
\captionmargin=\dimen174
\captionmargin@=\dimen175
\captionwidth=\dimen176
\caption@tempdima=\dimen177
\caption@indent=\dimen178
\caption@parindent=\dimen179
\caption@hangindent=\dimen180
Package caption Info: Unknown document class (or package),
(caption)             standard defaults will be used.
Package caption Info: \@makecaption = \long macro:#1#2->\ifx \@captype \@IEEEta
blestring \begin {center}{\footnotesize #1}\\{\footnotesize \scshape #2}\end {c
enter}\@IEEEtablecaptionsepspace \else \@IEEEfigurecaptionsepspace \setbox \@te
mpboxa \hbox {\footnotesize #1.~~ #2}\ifdim \wd \@tempboxa >\hsize \setbox \@te
mpboxa \hbox {\footnotesize #1.~~ }\parbox [t]{\hsize }{\footnotesize \noindent
 \unhbox \@tempboxa #2}\else \ifcenterfigcaptions \hbox to\hsize {\footnotesize
 \hfil \box \@tempboxa \hfil }\else \hbox to\hsize {\footnotesize \box \@tempbo
xa \hfil }\fi \fi \fi  on input line 1082.
)

Package caption Warning: Unknown document class (or package),
(caption)                standard defaults will be used.
See the caption package documentation for explanation.

\c@caption@flags=\count277
\c@continuedfloat=\count278
Package caption Info: hyperref package is loaded.
) ("C:\Program Files\MiKTeX 2.9\tex/latex/caption\subcaption.sty"
Package: subcaption 2020/01/22 v1.3d Sub-captions (AR)
\c@subfigure=\count279
\c@subtable=\count280
)
("C:\Program Files\MiKTeX 2.9\tex/latex/l3backend\l3backend-pdfmode.def"
File: l3backend-pdfmode.def 2020-03-12 L3 backend support: PDF mode
\l__kernel_color_stack_int=\count281
\l__pdf_internal_box=\box51
)
(AutoDRIVE.aux)
\openout1 = `AutoDRIVE.aux'.

LaTeX Font Info:    Checking defaults for OML/cmm/m/it on input line 76.
LaTeX Font Info:    ... okay on input line 76.
LaTeX Font Info:    Checking defaults for OMS/cmsy/m/n on input line 76.
LaTeX Font Info:    ... okay on input line 76.
LaTeX Font Info:    Checking defaults for OT1/cmr/m/n on input line 76.
LaTeX Font Info:    ... okay on input line 76.
LaTeX Font Info:    Checking defaults for T1/cmr/m/n on input line 76.
LaTeX Font Info:    ... okay on input line 76.
LaTeX Font Info:    Checking defaults for TS1/cmr/m/n on input line 76.
LaTeX Font Info:    ... okay on input line 76.
LaTeX Font Info:    Checking defaults for OMX/cmex/m/n on input line 76.
LaTeX Font Info:    ... okay on input line 76.
LaTeX Font Info:    Checking defaults for U/cmr/m/n on input line 76.
LaTeX Font Info:    ... okay on input line 76.
LaTeX Font Info:    Checking defaults for PD1/pdf/m/n on input line 76.
LaTeX Font Info:    ... okay on input line 76.

("C:\Program Files\MiKTeX 2.9\tex/context/base/mkii\supp-pdf.mkii"
[Loading MPS to PDF converter (version 2006.09.02).]
\scratchcounter=\count282
\scratchdimen=\dimen181
\scratchbox=\box52
\nofMPsegments=\count283
\nofMParguments=\count284
\everyMPshowfont=\toks24
\MPscratchCnt=\count285
\MPscratchDim=\dimen182
\MPnumerator=\count286
\makeMPintoPDFobject=\count287
\everyMPtoPDFconversion=\toks25
) ("C:\Program Files\MiKTeX 2.9\tex/latex/epstopdf-pkg\epstopdf-base.sty"
Package: epstopdf-base 2020-01-24 v2.11 Base part for package epstopdf
Package epstopdf-base Info: Redefining graphics rule for `.eps' on input line 4
85.
)
\AtBeginShipoutBox=\box53
Package hyperref Info: Link coloring OFF on input line 76.

("C:\Program Files\MiKTeX 2.9\tex/latex/hyperref\nameref.sty"
Package: nameref 2019/09/16 v2.46 Cross-referencing by name of section

("C:\Program Files\MiKTeX 2.9\tex/latex/refcount\refcount.sty"
Package: refcount 2019/12/15 v3.6 Data extraction from label references (HO)
)
("C:\Program Files\MiKTeX 2.9\tex/generic/gettitlestring\gettitlestring.sty"
Package: gettitlestring 2019/12/15 v1.6 Cleanup title references (HO)
)
\c@section@level=\count288
)
LaTeX Info: Redefining \ref on input line 76.
LaTeX Info: Redefining \pageref on input line 76.
LaTeX Info: Redefining \nameref on input line 76.

(AutoDRIVE.out) (AutoDRIVE.out)
\@outlinefile=\write4
\openout4 = `AutoDRIVE.out'.

Package caption Info: Begin \AtBeginDocument code.
Package caption Info: End \AtBeginDocument code.
LaTeX Font Info:    Calculating math sizes for size <11> on input line 79.
LaTeX Font Info:    Trying to load font information for U+msa on input line 79.


("C:\Program Files\MiKTeX 2.9\tex/latex/amsfonts\umsa.fd"
File: umsa.fd 2013/01/14 v3.01 AMS symbols A
)
LaTeX Font Info:    Trying to load font information for U+msb on input line 79.


("C:\Program Files\MiKTeX 2.9\tex/latex/amsfonts\umsb.fd"
File: umsb.fd 2013/01/14 v3.01 AMS symbols B
)
LaTeX Font Info:    Trying to load font information for U+lasy on input line 79
.

("C:\Program Files\MiKTeX 2.9\tex/latex/base\ulasy.fd"
File: ulasy.fd 1998/08/17 v2.2e LaTeX symbol font definitions
)
LaTeX Font Info:    Trying to load font information for OT1+pcr on input line 7
9.

("C:\Program Files\MiKTeX 2.9\tex/latex/psnfss\ot1pcr.fd"
File: ot1pcr.fd 2001/06/04 font definitions for OT1/pcr.
)
LaTeX Font Info:    Trying to load font information for OMS+pcr on input line 7
9.

("C:\Program Files\MiKTeX 2.9\tex/latex/psnfss\omspcr.fd"
File: omspcr.fd 
)
LaTeX Font Info:    Font shape `OMS/pcr/m/n' in size <9> not available
(Font)              Font shape `OMS/cmsy/m/n' tried instead on input line 79.
<Fig1a.png, id=113, 1445.4pt x 813.0375pt>
File: Fig1a.png Graphic file (type png)
<use Fig1a.png>
Package pdftex.def Info: Fig1a.png  used on input line 103.
(pdftex.def)             Requested size: 245.71811pt x 138.21454pt.
<Fig1b.png, id=114, 1445.4pt x 813.0375pt>
File: Fig1b.png Graphic file (type png)
<use Fig1b.png>
Package pdftex.def Info: Fig1b.png  used on input line 110.
(pdftex.def)             Requested size: 245.71811pt x 138.21454pt.
<Fig2a.png, id=117, 722.7pt x 406.51875pt>
File: Fig2a.png Graphic file (type png)
<use Fig2a.png>
Package pdftex.def Info: Fig2a.png  used on input line 124.
(pdftex.def)             Requested size: 123.94057pt x 69.71515pt.
<Fig2b.png, id=119, 1445.4pt x 813.0375pt>
File: Fig2b.png Graphic file (type png)
<use Fig2b.png>
Package pdftex.def Info: Fig2b.png  used on input line 131.
(pdftex.def)             Requested size: 123.94057pt x 69.70895pt.
<Fig2c.png, id=120, 1084.05pt x 609.77812pt>
File: Fig2c.png Graphic file (type png)
<use Fig2c.png>
Package pdftex.def Info: Fig2c.png  used on input line 137.
(pdftex.def)             Requested size: 123.94057pt x 69.70895pt.
<Fig2d.png, id=121, 1084.05pt x 609.77812pt>
File: Fig2d.png Graphic file (type png)
<use Fig2d.png>
Package pdftex.def Info: Fig2d.png  used on input line 144.
(pdftex.def)             Requested size: 123.94057pt x 69.70895pt.
 [1{C:/Users/tsamak/AppData/Local/MiKTeX/2.9/pdftex/config/pdftex.map}


 <./Fig1a.png> <./Fig1b.png>]
<Fig3a.png, id=156, 1924.3092pt x 850.377pt>
File: Fig3a.png Graphic file (type png)
<use Fig3a.png>
Package pdftex.def Info: Fig3a.png  used on input line 169.
(pdftex.def)             Requested size: 245.71811pt x 108.58058pt.
<Fig3b.png, id=157, 2361.5427pt x 675.7245pt>
File: Fig3b.png Graphic file (type png)
<use Fig3b.png>
Package pdftex.def Info: Fig3b.png  used on input line 176.
(pdftex.def)             Requested size: 245.71811pt x 70.30875pt.

Underfull \hbox (badness 2173) in paragraph at lines 193--194
\OT1/ptm/m/n/10 us-ing a two-piece cu-bic spline, de-fined as $\OML/cmm/m/it/10
 F\OT1/cmr/m/n/10 (\OML/cmm/m/it/10 S\OT1/cmr/m/n/10 ) =
 []

[2 <./Fig2a.png> <./Fig2b.png> <./Fig2c.png> <./Fig2d.png> <./Fig3a.png> <./Fig
3b.png>]
LaTeX Font Info:    Trying to load font information for OMS+ptm on input line 2
06.
 ("C:\Program Files\MiKTeX 2.9\tex/latex/psnfss\omsptm.fd"
File: omsptm.fd 
)
LaTeX Font Info:    Font shape `OMS/ptm/m/n' in size <10> not available
(Font)              Font shape `OMS/cmsy/m/n' tried instead on input line 206.

Underfull \hbox (badness 10000) in paragraph at lines 206--207
[]\OT1/ptm/m/n/10 The LI-DAR sim-u-la-tion em-ploys it-er-a-tive ray-
 []


Underfull \hbox (badness 10000) in paragraph at lines 206--207
\OT1/ptm/m/n/10 casting \OT1/pcr/m/n/10 raycast\OMS/cmsy/m/n/10 f$[]\OT1/cmr/bx
/n/10 T[]$\OT1/ptm/m/n/10 , $[]$, $\OML/cmm/m/it/10 r[]$\OMS/cmsy/m/n/10 g \OT1
/ptm/m/n/10 for each an-gle
 []


Underfull \hbox (badness 4479) in paragraph at lines 206--207
\OML/cmm/m/it/10  \OMS/cmsy/m/n/10 2 []$ \OT1/ptm/m/n/10 at an ap-prox-i-mate 
up-date
 []


Underfull \hbox (badness 1648) in paragraph at lines 206--207
\OT1/ptm/m/n/10 with re-spect to the ve-hi-cle \OMS/cmsy/m/n/10 f$\OML/cmm/m/it
/10 v$\OMS/cmsy/m/n/10 g \OT1/ptm/m/n/10 and the world \OMS/cmsy/m/n/10 f$\OML/
cmm/m/it/10 w$\OMS/cmsy/m/n/10 g\OT1/ptm/m/n/10 ,
 []


Underfull \hbox (badness 6825) in paragraph at lines 206--207
[] \OT1/cmr/m/n/10 = [][]$ \OT1/ptm/m/n/10 de-fines the
 []


Underfull \hbox (badness 10000) in paragraph at lines 206--207
[]$\OT1/ptm/m/n/10 ,
 []


Underfull \hbox (badness 10000) in paragraph at lines 206--207
[]$
 []


Underfull \hbox (badness 6944) in paragraph at lines 206--207
\OT1/ptm/m/n/10 cal-cu-lates the Eu-clidean dis-tance from the ray-cast
 []

[3]
Underfull \hbox (badness 1383) in paragraph at lines 226--227
[]\OT1/ptm/m/it/10 Plug-In Sce-nar-ios: \OT1/ptm/m/n/10 Au-to-DRIVE Sim-u-la-to
r sup-ports
 []

<Fig4.png, id=195, 1391.1975pt x 1440.13031pt>
File: Fig4.png Graphic file (type png)
<use Fig4.png>
Package pdftex.def Info: Fig4.png  used on input line 238.
(pdftex.def)             Requested size: 245.71811pt x 254.35588pt.
<Fig5a.png, id=198, 290.58563pt x 218.31563pt>
File: Fig5a.png Graphic file (type png)
<use Fig5a.png>
Package pdftex.def Info: Fig5a.png  used on input line 268.
(pdftex.def)             Requested size: 80.94424pt x 60.81148pt.
<Fig5b.png, id=199, 290.58563pt x 218.31563pt>
File: Fig5b.png Graphic file (type png)
<use Fig5b.png>
Package pdftex.def Info: Fig5b.png  used on input line 275.
(pdftex.def)             Requested size: 80.94424pt x 60.81148pt.
<Fig5c.png, id=200, 290.58563pt x 218.31563pt>
File: Fig5c.png Graphic file (type png)
<use Fig5c.png>
Package pdftex.def Info: Fig5c.png  used on input line 282.
(pdftex.def)             Requested size: 80.94424pt x 60.81148pt.
<Fig5d.png, id=201, 290.58563pt x 218.31563pt>
File: Fig5d.png Graphic file (type png)
<use Fig5d.png>
Package pdftex.def Info: Fig5d.png  used on input line 289.
(pdftex.def)             Requested size: 80.94424pt x 60.81148pt.
<Fig5e.png, id=202, 290.58563pt x 218.31563pt>
File: Fig5e.png Graphic file (type png)
<use Fig5e.png>
Package pdftex.def Info: Fig5e.png  used on input line 296.
(pdftex.def)             Requested size: 80.94424pt x 60.81148pt.
<Fig5f.png, id=203, 290.58563pt x 218.31563pt>
File: Fig5f.png Graphic file (type png)
<use Fig5f.png>
Package pdftex.def Info: Fig5f.png  used on input line 303.
(pdftex.def)             Requested size: 80.94424pt x 60.81148pt.
<Fig6a.png, id=204, 1445.4pt x 813.0375pt>
File: Fig6a.png Graphic file (type png)
<use Fig6a.png>
Package pdftex.def Info: Fig6a.png  used on input line 315.
(pdftex.def)             Requested size: 80.94424pt x 45.52979pt.
<Fig6b.png, id=205, 1445.4pt x 813.0375pt>
File: Fig6b.png Graphic file (type png)
<use Fig6b.png>
Package pdftex.def Info: Fig6b.png  used on input line 322.
(pdftex.def)             Requested size: 80.94424pt x 45.52979pt.
<Fig6c.png, id=206, 1445.4pt x 813.0375pt>
File: Fig6c.png Graphic file (type png)
<use Fig6c.png>
Package pdftex.def Info: Fig6c.png  used on input line 329.
(pdftex.def)             Requested size: 80.94424pt x 45.52979pt.
<Fig6d.png, id=207, 1445.4pt x 813.0375pt>
File: Fig6d.png Graphic file (type png)
<use Fig6d.png>
Package pdftex.def Info: Fig6d.png  used on input line 336.
(pdftex.def)             Requested size: 80.94424pt x 45.52979pt.
<Fig6e.png, id=208, 1445.4pt x 813.0375pt>
File: Fig6e.png Graphic file (type png)
<use Fig6e.png>
Package pdftex.def Info: Fig6e.png  used on input line 343.
(pdftex.def)             Requested size: 80.94424pt x 45.52979pt.
<Fig6f.png, id=209, 1445.4pt x 813.0375pt>
File: Fig6f.png Graphic file (type png)
<use Fig6f.png>
Package pdftex.def Info: Fig6f.png  used on input line 350.
(pdftex.def)             Requested size: 80.94424pt x 45.52979pt.
[4 <./Fig4.png>]
<Fig7a.png, id=228, 1445.4pt x 813.0375pt>
File: Fig7a.png Graphic file (type png)
<use Fig7a.png>
Package pdftex.def Info: Fig7a.png  used on input line 411.
(pdftex.def)             Requested size: 161.8885pt x 91.05957pt.
<Fig7b.png, id=229, 455.45157pt x 255.95625pt>
File: Fig7b.png Graphic file (type png)
<use Fig7b.png>
Package pdftex.def Info: Fig7b.png  used on input line 418.
(pdftex.def)             Requested size: 161.8885pt x 90.9803pt.
<Fig7c.png, id=230, 455.45157pt x 255.95625pt>
File: Fig7c.png Graphic file (type png)
<use Fig7c.png>
Package pdftex.def Info: Fig7c.png  used on input line 425.
(pdftex.def)             Requested size: 161.8885pt x 90.9803pt.
 [5 <./Fig5a.png> <./Fig5b.png> <./Fig5c.png> <./Fig5d.png> <./Fig5e.png> <./Fi
g5f.png> <./Fig6a.png> <./Fig6b.png> <./Fig6c.png> <./Fig6d.png> <./Fig6e.png> 
<./Fig6f.png>]
LaTeX Font Info:    Font shape `OMS/ptm/m/n' in size <8> not available
(Font)              Font shape `OMS/cmsy/m/n' tried instead on input line 447.
 [6 <./Fig7a.png> <./Fig7b.png> <./Fig7c.png>]
<Fig8.png, id=266, 763.35187pt x 706.13812pt>
File: Fig8.png Graphic file (type png)
<use Fig8.png>
Package pdftex.def Info: Fig8.png  used on input line 488.
(pdftex.def)             Requested size: 245.71811pt x 227.29411pt.

Underfull \hbox (badness 5832) in paragraph at lines 500--501
[]\OT1/ptm/m/n/10 We adopted an equally-weighted hy-brid imitation-
 []

<Fig9a.png, id=269, 290.58563pt x 218.31563pt>
File: Fig9a.png Graphic file (type png)
<use Fig9a.png>
Package pdftex.def Info: Fig9a.png  used on input line 506.
(pdftex.def)             Requested size: 80.94424pt x 60.81148pt.
<Fig9b.png, id=270, 290.58563pt x 218.31563pt>
File: Fig9b.png Graphic file (type png)
<use Fig9b.png>
Package pdftex.def Info: Fig9b.png  used on input line 513.
(pdftex.def)             Requested size: 80.94424pt x 60.81148pt.
<Fig9c.png, id=271, 290.58563pt x 218.31563pt>
File: Fig9c.png Graphic file (type png)
<use Fig9c.png>
Package pdftex.def Info: Fig9c.png  used on input line 520.
(pdftex.def)             Requested size: 80.94424pt x 60.81148pt.
<Fig9d.png, id=272, 290.58563pt x 218.31563pt>
File: Fig9d.png Graphic file (type png)
<use Fig9d.png>
Package pdftex.def Info: Fig9d.png  used on input line 527.
(pdftex.def)             Requested size: 80.94424pt x 60.81148pt.
<Fig9e.png, id=273, 290.58563pt x 218.31563pt>
File: Fig9e.png Graphic file (type png)
<use Fig9e.png>
Package pdftex.def Info: Fig9e.png  used on input line 534.
(pdftex.def)             Requested size: 80.94424pt x 60.81148pt.
<Fig9f.png, id=274, 290.58563pt x 218.31563pt>
File: Fig9f.png Graphic file (type png)
<use Fig9f.png>
Package pdftex.def Info: Fig9f.png  used on input line 541.
(pdftex.def)             Requested size: 80.94424pt x 60.81148pt.
<Fig10a.png, id=275, 1445.4pt x 813.0375pt>
File: Fig10a.png Graphic file (type png)
<use Fig10a.png>
Package pdftex.def Info: Fig10a.png  used on input line 553.
(pdftex.def)             Requested size: 80.94424pt x 45.52979pt.
<Fig10b.png, id=276, 1445.4pt x 813.0375pt>
File: Fig10b.png Graphic file (type png)
<use Fig10b.png>
Package pdftex.def Info: Fig10b.png  used on input line 560.
(pdftex.def)             Requested size: 80.94424pt x 45.52979pt.
<Fig10c.png, id=277, 1445.4pt x 813.0375pt>
File: Fig10c.png Graphic file (type png)
<use Fig10c.png>
Package pdftex.def Info: Fig10c.png  used on input line 567.
(pdftex.def)             Requested size: 80.94424pt x 45.52979pt.
<Fig10d.png, id=278, 1445.4pt x 813.0375pt>
File: Fig10d.png Graphic file (type png)
<use Fig10d.png>
Package pdftex.def Info: Fig10d.png  used on input line 574.
(pdftex.def)             Requested size: 80.94424pt x 45.52979pt.
<Fig10e.png, id=279, 1445.4pt x 813.0375pt>
File: Fig10e.png Graphic file (type png)
<use Fig10e.png>
Package pdftex.def Info: Fig10e.png  used on input line 581.
(pdftex.def)             Requested size: 80.94424pt x 45.52979pt.
<Fig10f.png, id=280, 1445.4pt x 813.0375pt>
File: Fig10f.png Graphic file (type png)
<use Fig10f.png>
Package pdftex.def Info: Fig10f.png  used on input line 588.
(pdftex.def)             Requested size: 80.94424pt x 45.52979pt.
[7 <./Fig8.png>]
<Fig11a.png, id=306, 1445.4pt x 813.0375pt>
File: Fig11a.png Graphic file (type png)
<use Fig11a.png>
Package pdftex.def Info: Fig11a.png  used on input line 704.
(pdftex.def)             Requested size: 161.8885pt x 91.05957pt.
<Fig11b.png, id=307, 455.45157pt x 256.70906pt>
File: Fig11b.png Graphic file (type png)
<use Fig11b.png>
Package pdftex.def Info: Fig11b.png  used on input line 711.
(pdftex.def)             Requested size: 161.8885pt x 91.2479pt.
<Fig11c.png, id=308, 455.45157pt x 256.70906pt>
File: Fig11c.png Graphic file (type png)
<use Fig11c.png>
Package pdftex.def Info: Fig11c.png  used on input line 718.
(pdftex.def)             Requested size: 161.8885pt x 91.2479pt.
 [8 <./Fig9a.png> <./Fig9b.png> <./Fig9c.png> <./Fig9d.png> <./Fig9e.png> <./Fi
g9f.png> <./Fig10a.png> <./Fig10b.png> <./Fig10c.png> <./Fig10d.png> <./Fig10e.
png> <./Fig10f.png>] [9 <./Fig11a.png> <./Fig11b.png> <./Fig11c.png>] (AutoDRIV
E.bbl)

** Conference Paper **
Before submitting the final camera ready copy, remember to:

 1. Manually equalize the lengths of two columns on the last page
 of your paper;

 2. Ensure that any PostScript and/or PDF output post-processing
 uses only Type 1 fonts and that every step in the generation
 process uses the US letter (8.5in X 11in) paper size.

Package atveryend Info: Empty hook `BeforeClearDocument' on input line 763.
[10]
Package atveryend Info: Empty hook `AfterLastShipout' on input line 763.
 (AutoDRIVE.aux)
Package atveryend Info: Executing hook `AtVeryEndDocument' on input line 763.
Package atveryend Info: Executing hook `AtEndAfterFileList' on input line 763.
Package rerunfilecheck Info: File `AutoDRIVE.out' has not changed.
(rerunfilecheck)             Checksum: 2935CE12C5E4DBEBBAF61E343EAD507F;1710.
Package atveryend Info: Empty hook `AtVeryVeryEnd' on input line 763.
 ) 
Here is how much of TeX's memory you used:
 10169 strings out of 480898
 154930 string characters out of 2908364
 460444 words of memory out of 3000000
 25713 multiletter control sequences out of 15000+200000
 580188 words of font info for 131 fonts, out of 3000000 for 9000
 1141 hyphenation exceptions out of 8191
 41i,13n,42p,2440b,466s stack positions out of 5000i,500n,10000p,200000b,50000s
{C:/Program Files/MiKTeX 2.9/fonts/enc/dvips/base/8r.enc}<C:/Program Files/Mi
KTeX 2.9/fonts/type1/public/amsfonts/cm/cmbx10.pfb><C:/Program Files/MiKTeX 2.9
/fonts/type1/public/amsfonts/cm/cmex10.pfb><C:/Program Files/MiKTeX 2.9/fonts/t
ype1/public/amsfonts/cmextra/cmex7.pfb><C:/Program Files/MiKTeX 2.9/fonts/type1
/public/amsfonts/cm/cmmi10.pfb><C:/Program Files/MiKTeX 2.9/fonts/type1/public/
amsfonts/cm/cmmi5.pfb><C:/Program Files/MiKTeX 2.9/fonts/type1/public/amsfonts/
cm/cmmi6.pfb><C:/Program Files/MiKTeX 2.9/fonts/type1/public/amsfonts/cm/cmmi7.
pfb><C:/Program Files/MiKTeX 2.9/fonts/type1/public/amsfonts/cm/cmmi8.pfb><C:/P
rogram Files/MiKTeX 2.9/fonts/type1/public/amsfonts/cm/cmr10.pfb><C:/Program Fi
les/MiKTeX 2.9/fonts/type1/public/amsfonts/cm/cmr7.pfb><C:/Program Files/MiKTeX
 2.9/fonts/type1/public/amsfonts/cm/cmsy10.pfb><C:/Program Files/MiKTeX 2.9/fon
ts/type1/public/amsfonts/cm/cmsy6.pfb><C:/Program Files/MiKTeX 2.9/fonts/type1/
public/amsfonts/cm/cmsy7.pfb><C:/Program Files/MiKTeX 2.9/fonts/type1/public/am
sfonts/cm/cmsy8.pfb><C:/Program Files/MiKTeX 2.9/fonts/type1/public/amsfonts/cm
/cmsy9.pfb><C:/Program Files/MiKTeX 2.9/fonts/type1/public/amsfonts/symbols/msb
m10.pfb><C:/Program Files/MiKTeX 2.9/fonts/type1/urw/courier/ucrr8a.pfb><C:/Pro
gram Files/MiKTeX 2.9/fonts/type1/urw/times/utmb8a.pfb><C:/Program Files/MiKTeX
 2.9/fonts/type1/urw/times/utmbi8a.pfb><C:/Program Files/MiKTeX 2.9/fonts/type1
/urw/times/utmr8a.pfb><C:/Program Files/MiKTeX 2.9/fonts/type1/urw/times/utmri8
a.pfb>
Output written on AutoDRIVE.pdf (10 pages, 33849901 bytes).
PDF statistics:
 462 PDF objects out of 1000 (max. 8388607)
 88 named destinations out of 1000 (max. 500000)
 417 words of extra memory for PDF output out of 10000 (max. 10000000)

